2021-03-14 17:57:08.738 [ main ] - [ INFO  ] [ com.wbw.Application : 55 ] - Starting Application on PC-20200620GZXL with PID 5680 (D:\work\workdata\wbw_system-git\target\classes started by Administrator in D:\work\workdata\wbw_system-git)
2021-03-14 17:57:08.738 [ main ] - [ INFO  ] [ com.wbw.Application : 651 ] - No active profile set, falling back to default profiles: default
2021-03-14 17:57:09.909 [ main ] - [ INFO  ] [ org.apache.coyote.http11.Http11NioProtocol : 173 ] - Initializing ProtocolHandler ["http-nio-8081"]
2021-03-14 17:57:09.909 [ main ] - [ INFO  ] [ org.apache.catalina.core.StandardService : 173 ] - Starting service [Tomcat]
2021-03-14 17:57:09.909 [ main ] - [ INFO  ] [ org.apache.catalina.core.StandardEngine : 173 ] - Starting Servlet engine: [Apache Tomcat/9.0.37]
2021-03-14 17:57:10.003 [ main ] - [ INFO  ] [ o.a.c.core.ContainerBase.[Tomcat].[localhost].[/] : 173 ] - Initializing Spring embedded WebApplicationContext
2021-03-14 17:57:10.534 [ main ] - [ INFO  ] [ org.apache.coyote.http11.Http11NioProtocol : 173 ] - Starting ProtocolHandler ["http-nio-8081"]
2021-03-14 17:57:10.581 [ task-1 ] - [ INFO  ] [ com.zaxxer.hikari.HikariDataSource : 110 ] - HikariPool-1 - Starting...
2021-03-14 17:57:10.925 [ task-1 ] - [ INFO  ] [ com.zaxxer.hikari.HikariDataSource : 123 ] - HikariPool-1 - Start completed.
2021-03-14 17:57:15.033 [ main ] - [ INFO  ] [ com.wbw.Application : 61 ] - Started Application in 6.653 seconds (JVM running for 7.009)
2021-03-14 17:58:02.762 [ main ] - [ INFO  ] [ com.wbw.Application : 55 ] - Starting Application on PC-20200620GZXL with PID 1344 (D:\work\workdata\wbw_system-git\target\classes started by Administrator in D:\work\workdata\wbw_system-git)
2021-03-14 17:58:02.762 [ main ] - [ INFO  ] [ com.wbw.Application : 651 ] - No active profile set, falling back to default profiles: default
2021-03-14 17:58:03.851 [ main ] - [ INFO  ] [ org.apache.coyote.http11.Http11NioProtocol : 173 ] - Initializing ProtocolHandler ["http-nio-8081"]
2021-03-14 17:58:03.851 [ main ] - [ INFO  ] [ org.apache.catalina.core.StandardService : 173 ] - Starting service [Tomcat]
2021-03-14 17:58:03.851 [ main ] - [ INFO  ] [ org.apache.catalina.core.StandardEngine : 173 ] - Starting Servlet engine: [Apache Tomcat/9.0.37]
2021-03-14 17:58:03.944 [ main ] - [ INFO  ] [ o.a.c.core.ContainerBase.[Tomcat].[localhost].[/] : 173 ] - Initializing Spring embedded WebApplicationContext
2021-03-14 17:58:04.397 [ task-1 ] - [ INFO  ] [ com.zaxxer.hikari.HikariDataSource : 110 ] - HikariPool-1 - Starting...
2021-03-14 17:58:04.413 [ main ] - [ INFO  ] [ org.apache.coyote.http11.Http11NioProtocol : 173 ] - Starting ProtocolHandler ["http-nio-8081"]
2021-03-14 17:58:04.741 [ task-1 ] - [ INFO  ] [ com.zaxxer.hikari.HikariDataSource : 123 ] - HikariPool-1 - Start completed.
2021-03-14 17:58:08.334 [ main ] - [ INFO  ] [ com.wbw.Application : 61 ] - Started Application in 5.999 seconds (JVM running for 6.343)
2021-03-14 18:04:57.534 [ main ] - [ INFO  ] [ com.wbw.Application : 55 ] - Starting Application on PC-20200620GZXL with PID 10720 (D:\work\workdata\wbw_system-git\target\classes started by Administrator in D:\work\workdata\wbw_system-git)
2021-03-14 18:04:57.534 [ main ] - [ INFO  ] [ com.wbw.Application : 651 ] - No active profile set, falling back to default profiles: default
2021-03-14 18:04:58.675 [ main ] - [ INFO  ] [ org.apache.coyote.http11.Http11NioProtocol : 173 ] - Initializing ProtocolHandler ["http-nio-8081"]
2021-03-14 18:04:58.675 [ main ] - [ INFO  ] [ org.apache.catalina.core.StandardService : 173 ] - Starting service [Tomcat]
2021-03-14 18:04:58.675 [ main ] - [ INFO  ] [ org.apache.catalina.core.StandardEngine : 173 ] - Starting Servlet engine: [Apache Tomcat/9.0.37]
2021-03-14 18:04:58.753 [ main ] - [ INFO  ] [ o.a.c.core.ContainerBase.[Tomcat].[localhost].[/] : 173 ] - Initializing Spring embedded WebApplicationContext
2021-03-14 18:04:59.237 [ task-1 ] - [ INFO  ] [ com.zaxxer.hikari.HikariDataSource : 110 ] - HikariPool-1 - Starting...
2021-03-14 18:04:59.284 [ main ] - [ INFO  ] [ org.apache.coyote.http11.Http11NioProtocol : 173 ] - Starting ProtocolHandler ["http-nio-8081"]
2021-03-14 18:04:59.612 [ task-1 ] - [ INFO  ] [ com.zaxxer.hikari.HikariDataSource : 123 ] - HikariPool-1 - Start completed.
2021-03-14 18:05:03.377 [ main ] - [ INFO  ] [ com.wbw.Application : 61 ] - Started Application in 6.209 seconds (JVM running for 6.591)
2021-03-14 18:05:41.331 [ main ] - [ INFO  ] [ com.wbw.Application : 55 ] - Starting Application on PC-20200620GZXL with PID 13056 (D:\work\workdata\wbw_system-git\target\classes started by Administrator in D:\work\workdata\wbw_system-git)
2021-03-14 18:05:41.331 [ main ] - [ INFO  ] [ com.wbw.Application : 651 ] - No active profile set, falling back to default profiles: default
2021-03-14 18:05:42.409 [ main ] - [ INFO  ] [ org.apache.coyote.http11.Http11NioProtocol : 173 ] - Initializing ProtocolHandler ["http-nio-8081"]
2021-03-14 18:05:42.409 [ main ] - [ INFO  ] [ org.apache.catalina.core.StandardService : 173 ] - Starting service [Tomcat]
2021-03-14 18:05:42.409 [ main ] - [ INFO  ] [ org.apache.catalina.core.StandardEngine : 173 ] - Starting Servlet engine: [Apache Tomcat/9.0.37]
2021-03-14 18:05:42.487 [ main ] - [ INFO  ] [ o.a.c.core.ContainerBase.[Tomcat].[localhost].[/] : 173 ] - Initializing Spring embedded WebApplicationContext
2021-03-14 18:05:42.955 [ task-1 ] - [ INFO  ] [ com.zaxxer.hikari.HikariDataSource : 110 ] - HikariPool-1 - Starting...
2021-03-14 18:05:43.002 [ main ] - [ INFO  ] [ org.apache.coyote.http11.Http11NioProtocol : 173 ] - Starting ProtocolHandler ["http-nio-8081"]
2021-03-14 18:05:43.315 [ task-1 ] - [ INFO  ] [ com.zaxxer.hikari.HikariDataSource : 123 ] - HikariPool-1 - Start completed.
2021-03-14 18:05:47.173 [ main ] - [ INFO  ] [ com.wbw.Application : 61 ] - Started Application in 6.202 seconds (JVM running for 6.529)
2021-03-14 18:05:47.298 [ main ] - [ INFO  ] [ com.zaxxer.hikari.HikariDataSource : 350 ] - HikariPool-1 - Shutdown initiated...
2021-03-14 18:05:47.298 [ main ] - [ INFO  ] [ com.zaxxer.hikari.HikariDataSource : 352 ] - HikariPool-1 - Shutdown completed.
2021-03-14 18:06:01.992 [ main ] - [ INFO  ] [ com.wbw.Application : 55 ] - Starting Application on PC-20200620GZXL with PID 11128 (D:\work\workdata\wbw_system-git\target\classes started by Administrator in D:\work\workdata\wbw_system-git)
2021-03-14 18:06:01.992 [ main ] - [ INFO  ] [ com.wbw.Application : 651 ] - No active profile set, falling back to default profiles: default
2021-03-14 18:06:03.085 [ main ] - [ INFO  ] [ org.apache.coyote.http11.Http11NioProtocol : 173 ] - Initializing ProtocolHandler ["http-nio-8081"]
2021-03-14 18:06:03.085 [ main ] - [ INFO  ] [ org.apache.catalina.core.StandardService : 173 ] - Starting service [Tomcat]
2021-03-14 18:06:03.085 [ main ] - [ INFO  ] [ org.apache.catalina.core.StandardEngine : 173 ] - Starting Servlet engine: [Apache Tomcat/9.0.37]
2021-03-14 18:06:03.163 [ main ] - [ INFO  ] [ o.a.c.core.ContainerBase.[Tomcat].[localhost].[/] : 173 ] - Initializing Spring embedded WebApplicationContext
2021-03-14 18:06:03.632 [ task-1 ] - [ INFO  ] [ com.zaxxer.hikari.HikariDataSource : 110 ] - HikariPool-1 - Starting...
2021-03-14 18:06:03.679 [ main ] - [ INFO  ] [ org.apache.coyote.http11.Http11NioProtocol : 173 ] - Starting ProtocolHandler ["http-nio-8081"]
2021-03-14 18:06:03.991 [ task-1 ] - [ INFO  ] [ com.zaxxer.hikari.HikariDataSource : 123 ] - HikariPool-1 - Start completed.
2021-03-14 18:06:07.740 [ main ] - [ INFO  ] [ com.wbw.Application : 61 ] - Started Application in 6.115 seconds (JVM running for 6.436)
2021-03-14 19:53:17.950 [ main ] - [ INFO  ] [ com.wbw.Application : 55 ] - Starting Application on PC-20200620GZXL with PID 12600 (D:\work\workdata\wbw_system-git\target\classes started by Administrator in D:\work\workdata\wbw_system-git)
2021-03-14 19:53:17.966 [ main ] - [ INFO  ] [ com.wbw.Application : 651 ] - No active profile set, falling back to default profiles: default
2021-03-14 19:53:19.060 [ main ] - [ INFO  ] [ org.apache.coyote.http11.Http11NioProtocol : 173 ] - Initializing ProtocolHandler ["http-nio-8081"]
2021-03-14 19:53:19.060 [ main ] - [ INFO  ] [ org.apache.catalina.core.StandardService : 173 ] - Starting service [Tomcat]
2021-03-14 19:53:19.060 [ main ] - [ INFO  ] [ org.apache.catalina.core.StandardEngine : 173 ] - Starting Servlet engine: [Apache Tomcat/9.0.37]
2021-03-14 19:53:19.138 [ main ] - [ INFO  ] [ o.a.c.core.ContainerBase.[Tomcat].[localhost].[/] : 173 ] - Initializing Spring embedded WebApplicationContext
2021-03-14 19:53:19.622 [ task-1 ] - [ INFO  ] [ com.zaxxer.hikari.HikariDataSource : 110 ] - HikariPool-1 - Starting...
2021-03-14 19:53:19.669 [ main ] - [ INFO  ] [ org.apache.coyote.http11.Http11NioProtocol : 173 ] - Starting ProtocolHandler ["http-nio-8081"]
2021-03-14 19:53:19.997 [ task-1 ] - [ INFO  ] [ com.zaxxer.hikari.HikariDataSource : 123 ] - HikariPool-1 - Start completed.
2021-03-14 19:53:23.918 [ main ] - [ INFO  ] [ com.wbw.Application : 61 ] - Started Application in 6.316 seconds (JVM running for 6.644)
2021-03-14 19:53:24.039 [ main ] - [ INFO  ] [ com.zaxxer.hikari.HikariDataSource : 350 ] - HikariPool-1 - Shutdown initiated...
2021-03-14 19:53:24.039 [ main ] - [ INFO  ] [ com.zaxxer.hikari.HikariDataSource : 352 ] - HikariPool-1 - Shutdown completed.
